[debug] [2023-11-18T10:56:37.763Z] ----------------------------------------------------------------------
[debug] [2023-11-18T10:56:37.765Z] Command:       C:\Program Files\nodejs\node.exe C:\Users\kumar\AppData\Roaming\npm\node_modules\firebase-tools\lib\bin\firebase.js init hosting
[debug] [2023-11-18T10:56:37.766Z] CLI Version:   12.9.1
[debug] [2023-11-18T10:56:37.766Z] Platform:      win32
[debug] [2023-11-18T10:56:37.766Z] Node Version:  v20.9.0
[debug] [2023-11-18T10:56:37.766Z] Time:          Sat Nov 18 2023 16:26:37 GMT+0530 (India Standard Time)
[debug] [2023-11-18T10:56:37.766Z] ----------------------------------------------------------------------
[debug] 
[debug] [2023-11-18T10:56:37.773Z] > command requires scopes: ["email","openid","https://www.googleapis.com/auth/cloudplatformprojects.readonly","https://www.googleapis.com/auth/firebase","https://www.googleapis.com/auth/cloud-platform"]
[debug] [2023-11-18T10:56:37.773Z] > authorizing via signed-in user (kumarrishabh.kumar96@gmail.com)
[info] 
     ######## #### ########  ######## ########     ###     ######  ########
     ##        ##  ##     ## ##       ##     ##  ##   ##  ##       ##
     ######    ##  ########  ######   ########  #########  ######  ######
     ##        ##  ##    ##  ##       ##     ## ##     ##       ## ##
     ##       #### ##     ## ######## ########  ##     ##  ######  ########

You're about to initialize a Firebase project in this directory:

  C:\Users\kumar\Dropbox\My PC (LAPTOP-K7ESRVEK)\Desktop\gvm\be

[info] 
=== Project Setup
[info] 
[info] First, let's associate this project directory with a Firebase project.
[info] You can create multiple project aliases by running firebase use --add, 
[info] but for now we'll just set up a default project.
[info] 
